
SQL*Loader: Release 11.1.0.6.0 - Production on Mon Jun 21 12:30:53 2010

Copyright (c) 1982, 2007, Oracle.  All rights reserved.

Control File:   schools.ctl
Data File:      DSSCHCNV.csv
  Bad File:     DSSCHCNV.bad
  Discard File:  none specified
 
 (Allow all discards)

Number to load: ALL
Number to skip: 0
Errors allowed: 50
Bind array:     64 rows, maximum of 256000 bytes
Continuation:    none specified
Path used:      Conventional

Table P_IMPORT.SCHOOL_IMP, loaded from every logical record.
Insert option in effect for this table: TRUNCATE
TRAILING NULLCOLS option in effect

   Column Name                  Position   Len  Term Encl Datatype
------------------------------ ---------- ----- ---- ---- ---------------------
LEA                                 FIRST     *   ,  O(") CHARACTER            
OLD_CODE                             NEXT     *   ,  O(") CHARACTER            
NEW_CODE                             NEXT     *   ,  O(") CHARACTER            
SCHOOL_NAME                          NEXT     *   ,  O(") CHARACTER            
DISABLE_FLAG                         NEXT     *   ,  O(") CHARACTER            
ORACLE_ID                            NEXT     *   ,  O(") CHARACTER            


Table P_IMPORT.SCHOOL_IMP:
  27 Rows successfully loaded.
  0 Rows not loaded due to data errors.
  0 Rows not loaded because all WHEN clauses were failed.
  0 Rows not loaded because all fields were null.


Space allocated for bind array:                  99072 bytes(64 rows)
Read   buffer bytes: 1048576

Total logical records skipped:          0
Total logical records read:            27
Total logical records rejected:         0
Total logical records discarded:        0

Run began on Mon Jun 21 12:30:53 2010
Run ended on Mon Jun 21 12:30:55 2010

Elapsed time was:     00:00:02.41
CPU time was:         00:00:00.01
